app/build/intermediates/manifest_merge_blame_file/debug/manifest-merger-blame-debug-report.txt
1<?xml version="1.0" encoding="utf-8"?>
2<manifest xmlns:android="http://schemas.android.com/apk/res/android"
3    package="com.example.mallesh.sensor_record"
4    android:versionCode="1"
5    android:versionName="1.0" >
6
7    <uses-sdk
8        android:minSdkVersion="19"
8-->src/main/AndroidManifest.xml
9        android:targetSdkVersion="29" />
9-->src/main/AndroidManifest.xml
10
11    <uses-permission android:name="android.permission.READ_EXTERNAL_STORAGE" />
11-->src/main/AndroidManifest.xml:20:5-80
11-->src/main/AndroidManifest.xml:20:22-77
12    <uses-permission android:name="android.permission.WRITE_EXTERNAL_STORAGE" />
12-->src/main/AndroidManifest.xml:21:5-81
12-->src/main/AndroidManifest.xml:21:22-78
13    <uses-permission android:name="android.permission.INTERNET" />
13-->src/main/AndroidManifest.xml:22:5-66
13-->src/main/AndroidManifest.xml:22:22-64
14
15    <meta-data
15-->[com.android.support:appcompat-v7:25.3.1] AndroidManifest.xml:25:5-27:34
16        android:name="android.support.VERSION"
16-->[com.android.support:appcompat-v7:25.3.1] AndroidManifest.xml:26:9-47
17        android:value="25.3.1" />
17-->[com.android.support:appcompat-v7:25.3.1] AndroidManifest.xml:27:9-31
18
19    <application
19-->src/main/AndroidManifest.xml:5:5-19:19
20        android:allowBackup="true"
20-->src/main/AndroidManifest.xml:6:9-35
21        android:debuggable="true"
22        android:icon="@mipmap/ic_launcher"
22-->src/main/AndroidManifest.xml:7:9-43
23        android:label="@string/app_name"
23-->src/main/AndroidManifest.xml:8:9-41
24        android:roundIcon="@mipmap/ic_launcher_round"
24-->src/main/AndroidManifest.xml:9:9-54
25        android:supportsRtl="true"
25-->src/main/AndroidManifest.xml:10:9-35
26        android:testOnly="true"
27        android:theme="@style/AppTheme" >
27-->src/main/AndroidManifest.xml:11:9-40
28        <activity android:name="com.example.mallesh.sensor_record.MainActivity" >
28-->src/main/AndroidManifest.xml:12:9-18:20
28-->src/main/AndroidManifest.xml:12:19-47
29            <intent-filter>
29-->src/main/AndroidManifest.xml:13:13-17:29
30                <action android:name="android.intent.action.MAIN" />
30-->src/main/AndroidManifest.xml:14:17-69
30-->src/main/AndroidManifest.xml:14:25-66
31
32                <category android:name="android.intent.category.LAUNCHER" />
32-->src/main/AndroidManifest.xml:16:17-77
32-->src/main/AndroidManifest.xml:16:27-74
33            </intent-filter>
34        </activity>
35    </application>
36
37</manifest>